2026-07-06T10:44:22.799+05:30  INFO 15116 --- [CMSBackEnd] [main] c.h.cms.backend.CmsBackEndApplication    : Starting CmsBackEndApplication using Java 21.0.5 with PID 15116 (C:\Users\Lily Candace\git\repository\CMSBackEnd\target\classes started by Lily Candace in C:\Users\Lily Candace\git\repository\CMSBackEnd)
2026-07-06T10:44:22.807+05:30 DEBUG 15116 --- [CMSBackEnd] [main] c.h.cms.backend.CmsBackEndApplication    : Running with Spring Boot v3.5.15, Spring v6.2.19
2026-07-06T10:44:22.809+05:30  INFO 15116 --- [CMSBackEnd] [main] c.h.cms.backend.CmsBackEndApplication    : No active profile set, falling back to 1 default profile: "default"
2026-07-06T10:44:25.609+05:30  INFO 15116 --- [CMSBackEnd] [main] .s.d.r.c.RepositoryConfigurationDelegate : Bootstrapping Spring Data JPA repositories in DEFAULT mode.
2026-07-06T10:44:25.737+05:30  INFO 15116 --- [CMSBackEnd] [main] .s.d.r.c.RepositoryConfigurationDelegate : Finished Spring Data repository scanning in 113 ms. Found 9 JPA repository interfaces.
2026-07-06T10:44:26.616+05:30  INFO 15116 --- [CMSBackEnd] [main] o.s.b.w.embedded.tomcat.TomcatWebServer  : Tomcat initialized with port 8080 (http)
2026-07-06T10:44:26.636+05:30  INFO 15116 --- [CMSBackEnd] [main] o.apache.catalina.core.StandardService   : Starting service [Tomcat]
2026-07-06T10:44:26.636+05:30  INFO 15116 --- [CMSBackEnd] [main] o.apache.catalina.core.StandardEngine    : Starting Servlet engine: [Apache Tomcat/10.1.55]
2026-07-06T10:44:26.744+05:30  INFO 15116 --- [CMSBackEnd] [main] o.a.c.c.C.[Tomcat].[localhost].[/]       : Initializing Spring embedded WebApplicationContext
2026-07-06T10:44:26.744+05:30  INFO 15116 --- [CMSBackEnd] [main] w.s.c.ServletWebServerApplicationContext : Root WebApplicationContext: initialization completed in 3822 ms
2026-07-06T10:44:26.953+05:30  INFO 15116 --- [CMSBackEnd] [main] o.hibernate.jpa.internal.util.LogHelper  : HHH000204: Processing PersistenceUnitInfo [name: default]
2026-07-06T10:44:27.031+05:30  INFO 15116 --- [CMSBackEnd] [main] org.hibernate.Version                    : HHH000412: Hibernate ORM core version 6.6.53.Final
2026-07-06T10:44:27.082+05:30  INFO 15116 --- [CMSBackEnd] [main] o.h.c.internal.RegionFactoryInitiator    : HHH000026: Second-level cache disabled
2026-07-06T10:44:27.478+05:30  INFO 15116 --- [CMSBackEnd] [main] o.s.o.j.p.SpringPersistenceUnitInfo      : No LoadTimeWeaver setup: ignoring JPA class transformer
2026-07-06T10:44:27.528+05:30  INFO 15116 --- [CMSBackEnd] [main] com.zaxxer.hikari.HikariDataSource       : HikariPool-1 - Starting...
2026-07-06T10:44:28.185+05:30  INFO 15116 --- [CMSBackEnd] [main] com.zaxxer.hikari.pool.HikariPool        : HikariPool-1 - Added connection com.mysql.cj.jdbc.ConnectionImpl@29bd056a
2026-07-06T10:44:28.189+05:30  INFO 15116 --- [CMSBackEnd] [main] com.zaxxer.hikari.HikariDataSource       : HikariPool-1 - Start completed.
2026-07-06T10:44:28.274+05:30  WARN 15116 --- [CMSBackEnd] [main] org.hibernate.orm.deprecation            : HHH90000025: MySQLDialect does not need to be specified explicitly using 'hibernate.dialect' (remove the property setting and it will be selected by default)
2026-07-06T10:44:28.315+05:30  INFO 15116 --- [CMSBackEnd] [main] org.hibernate.orm.connections.pooling    : HHH10001005: Database info:
	Database JDBC URL [Connecting through datasource 'HikariDataSource (HikariPool-1)']
	Database driver: undefined/unknown
	Database version: 8.0.45
	Autocommit mode: undefined/unknown
	Isolation level: undefined/unknown
	Minimum pool size: undefined/unknown
	Maximum pool size: undefined/unknown
2026-07-06T10:44:29.965+05:30  INFO 15116 --- [CMSBackEnd] [main] o.h.e.t.j.p.i.JtaPlatformInitiator       : HHH000489: No JTA platform available (set 'hibernate.transaction.jta.platform' to enable JTA platform integration)
2026-07-06T10:44:30.275+05:30  INFO 15116 --- [CMSBackEnd] [main] j.LocalContainerEntityManagerFactoryBean : Initialized JPA EntityManagerFactory for persistence unit 'default'
2026-07-06T10:44:30.780+05:30 DEBUG 15116 --- [CMSBackEnd] [main] c.h.cms.backend.filter.JwtAuthFilter     : Filter 'jwtAuthFilter' configured for use
2026-07-06T10:44:31.019+05:30  INFO 15116 --- [CMSBackEnd] [main] eAuthenticationProviderManagerConfigurer : Global AuthenticationManager configured with AuthenticationProvider bean with name authenticationProvider
2026-07-06T10:44:31.020+05:30  WARN 15116 --- [CMSBackEnd] [main] r$InitializeUserDetailsManagerConfigurer : Global AuthenticationManager configured with an AuthenticationProvider bean. UserDetailsService beans will not be used by Spring Security for automatically configuring username/password login. Consider removing the AuthenticationProvider bean. Alternatively, consider using the UserDetailsService in a manually instantiated DaoAuthenticationProvider. If the current configuration is intentional, to turn off this warning, increase the logging level of 'org.springframework.security.config.annotation.authentication.configuration.InitializeUserDetailsBeanManagerConfigurer' to ERROR
2026-07-06T10:44:31.417+05:30  WARN 15116 --- [CMSBackEnd] [main] JpaBaseConfiguration$JpaWebConfiguration : spring.jpa.open-in-view is enabled by default. Therefore, database queries may be performed during view rendering. Explicitly configure spring.jpa.open-in-view to disable this warning
2026-07-06T10:44:32.525+05:30  INFO 15116 --- [CMSBackEnd] [main] o.s.b.w.embedded.tomcat.TomcatWebServer  : Tomcat started on port 8080 (http) with context path '/'
2026-07-06T10:44:32.542+05:30  INFO 15116 --- [CMSBackEnd] [main] c.h.cms.backend.CmsBackEndApplication    : Started CmsBackEndApplication in 10.363 seconds (process running for 11.639)
2026-07-06T10:45:44.062+05:30  INFO 15116 --- [CMSBackEnd] [http-nio-8080-exec-1] o.a.c.c.C.[Tomcat].[localhost].[/]       : Initializing Spring DispatcherServlet 'dispatcherServlet'
2026-07-06T10:45:44.063+05:30  INFO 15116 --- [CMSBackEnd] [http-nio-8080-exec-1] o.s.web.servlet.DispatcherServlet        : Initializing Servlet 'dispatcherServlet'
2026-07-06T10:45:44.067+05:30  INFO 15116 --- [CMSBackEnd] [http-nio-8080-exec-1] o.s.web.servlet.DispatcherServlet        : Completed initialization in 4 ms
2026-07-06T10:45:44.378+05:30  INFO 15116 --- [CMSBackEnd] [http-nio-8080-exec-2] c.h.c.backend.controller.AuthController  : Login attempt for email: lily@gmail.com
2026-07-06T10:45:44.979+05:30  INFO 15116 --- [CMSBackEnd] [http-nio-8080-exec-2] c.h.c.backend.service.EmailServiceImpl   : Sending email to lily@gmail.com
2026-07-06T10:45:50.916+05:30  INFO 15116 --- [CMSBackEnd] [http-nio-8080-exec-2] c.h.c.backend.service.EmailServiceImpl   : Email sent successfully to lily@gmail.com
2026-07-06T10:45:50.917+05:30  INFO 15116 --- [CMSBackEnd] [http-nio-8080-exec-2] c.h.c.backend.controller.AuthController  : User logged in successfully: lily@gmail.com
2026-07-06T10:47:36.139+05:30  INFO 15116 --- [CMSBackEnd] [http-nio-8080-exec-4] c.h.c.backend.controller.AuthController  : Login attempt for email: lily@gmail.com
2026-07-06T10:47:36.171+05:30  INFO 15116 --- [CMSBackEnd] [http-nio-8080-exec-4] c.h.c.backend.service.EmailServiceImpl   : Sending email to lily@gmail.com
2026-07-06T10:47:40.279+05:30  INFO 15116 --- [CMSBackEnd] [http-nio-8080-exec-4] c.h.c.backend.service.EmailServiceImpl   : Email sent successfully to lily@gmail.com
2026-07-06T10:47:40.280+05:30  INFO 15116 --- [CMSBackEnd] [http-nio-8080-exec-4] c.h.c.backend.controller.AuthController  : User logged in successfully: lily@gmail.com
2026-07-06T10:58:13.168+05:30  INFO 15116 --- [CMSBackEnd] [http-nio-8080-exec-8] c.h.cms.backend.service.UserServiceImpl  : Registering user with email: benita@gmail.com
2026-07-06T11:08:02.745+05:30  INFO 15116 --- [CMSBackEnd] [http-nio-8080-exec-6] c.h.cms.backend.service.UserServiceImpl  : Registering user with email: benita@gmail.com
2026-07-06T11:11:13.712+05:30  INFO 15116 --- [CMSBackEnd] [http-nio-8080-exec-1] c.h.cms.backend.service.UserServiceImpl  : Registering user with email: help@gmail.com
2026-07-06T11:11:13.905+05:30  INFO 15116 --- [CMSBackEnd] [http-nio-8080-exec-1] c.h.cms.backend.service.UserServiceImpl  : User registered successfully with ID: 12
2026-07-06T11:11:13.906+05:30  INFO 15116 --- [CMSBackEnd] [http-nio-8080-exec-1] c.h.c.backend.service.EmailServiceImpl   : Sending email to help@gmail.com
2026-07-06T11:11:18.334+05:30  INFO 15116 --- [CMSBackEnd] [http-nio-8080-exec-1] c.h.c.backend.service.EmailServiceImpl   : Email sent successfully to help@gmail.com
2026-07-06T11:15:27.980+05:30  INFO 15116 --- [CMSBackEnd] [http-nio-8080-exec-3] c.h.cms.backend.service.UserServiceImpl  : Registering user with email: saran@gmail.com
2026-07-06T11:15:28.015+05:30  INFO 15116 --- [CMSBackEnd] [http-nio-8080-exec-3] c.h.cms.backend.service.UserServiceImpl  : User registered successfully with ID: 13
2026-07-06T11:15:28.015+05:30  INFO 15116 --- [CMSBackEnd] [http-nio-8080-exec-3] c.h.c.backend.service.EmailServiceImpl   : Sending email to saran@gmail.com
2026-07-06T11:15:33.463+05:30  INFO 15116 --- [CMSBackEnd] [http-nio-8080-exec-3] c.h.c.backend.service.EmailServiceImpl   : Email sent successfully to saran@gmail.com
2026-07-06T11:15:53.552+05:30  INFO 15116 --- [CMSBackEnd] [http-nio-8080-exec-5] c.h.c.backend.controller.AuthController  : Login attempt for email: saran@gmail.com
2026-07-06T11:15:53.571+05:30  INFO 15116 --- [CMSBackEnd] [http-nio-8080-exec-5] c.h.c.backend.service.EmailServiceImpl   : Sending email to saran@gmail.com
2026-07-06T11:15:57.928+05:30  INFO 15116 --- [CMSBackEnd] [http-nio-8080-exec-5] c.h.c.backend.service.EmailServiceImpl   : Email sent successfully to saran@gmail.com
2026-07-06T11:15:57.928+05:30  INFO 15116 --- [CMSBackEnd] [http-nio-8080-exec-5] c.h.c.backend.controller.AuthController  : User logged in successfully: saran@gmail.com
2026-07-06T11:18:18.820+05:30  INFO 15116 --- [CMSBackEnd] [http-nio-8080-exec-10] c.h.c.backend.controller.AuthController  : Login attempt for email: lily@gmail.com
2026-07-06T11:18:18.836+05:30  WARN 15116 --- [CMSBackEnd] [http-nio-8080-exec-10] c.h.c.backend.controller.AuthController  : Failed login attempt for lily@gmail.com
2026-07-06T11:21:19.354+05:30  INFO 15116 --- [CMSBackEnd] [http-nio-8080-exec-7] c.h.c.backend.controller.AuthController  : Login attempt for email: lily@gmail.com
2026-07-06T11:21:19.369+05:30  WARN 15116 --- [CMSBackEnd] [http-nio-8080-exec-7] c.h.c.backend.controller.AuthController  : Failed login attempt for lily@gmail.com
2026-07-06T11:32:53.054+05:30  INFO 15116 --- [CMSBackEnd] [RMI TCP Connection(58)-127.0.0.1] inMXBeanRegistrar$SpringApplicationAdmin : Application shutdown requested.
2026-07-06T11:32:53.070+05:30  INFO 15116 --- [CMSBackEnd] [RMI TCP Connection(58)-127.0.0.1] o.s.b.w.e.tomcat.GracefulShutdown        : Commencing graceful shutdown. Waiting for active requests to complete
2026-07-06T11:32:53.082+05:30  INFO 15116 --- [CMSBackEnd] [tomcat-shutdown] o.s.b.w.e.tomcat.GracefulShutdown        : Graceful shutdown complete
2026-07-06T11:32:53.096+05:30  INFO 15116 --- [CMSBackEnd] [RMI TCP Connection(58)-127.0.0.1] j.LocalContainerEntityManagerFactoryBean : Closing JPA EntityManagerFactory for persistence unit 'default'
2026-07-06T11:32:53.104+05:30  INFO 15116 --- [CMSBackEnd] [RMI TCP Connection(58)-127.0.0.1] com.zaxxer.hikari.HikariDataSource       : HikariPool-1 - Shutdown initiated...
2026-07-06T11:32:53.115+05:30  INFO 15116 --- [CMSBackEnd] [RMI TCP Connection(58)-127.0.0.1] com.zaxxer.hikari.HikariDataSource       : HikariPool-1 - Shutdown completed.
2026-07-06T11:37:04.272+05:30  INFO 17332 --- [CMSBackEnd] [main] c.h.cms.backend.CmsBackEndApplication    : Starting CmsBackEndApplication using Java 21.0.5 with PID 17332 (C:\Users\Lily Candace\git\repository\CMSBackEnd\target\classes started by Lily Candace in C:\Users\Lily Candace\git\repository\CMSBackEnd)
2026-07-06T11:37:04.277+05:30 DEBUG 17332 --- [CMSBackEnd] [main] c.h.cms.backend.CmsBackEndApplication    : Running with Spring Boot v3.5.15, Spring v6.2.19
2026-07-06T11:37:04.279+05:30  INFO 17332 --- [CMSBackEnd] [main] c.h.cms.backend.CmsBackEndApplication    : No active profile set, falling back to 1 default profile: "default"
2026-07-06T11:37:07.277+05:30  INFO 17332 --- [CMSBackEnd] [main] .s.d.r.c.RepositoryConfigurationDelegate : Bootstrapping Spring Data JPA repositories in DEFAULT mode.
2026-07-06T11:37:07.397+05:30  INFO 17332 --- [CMSBackEnd] [main] .s.d.r.c.RepositoryConfigurationDelegate : Finished Spring Data repository scanning in 102 ms. Found 9 JPA repository interfaces.
2026-07-06T11:37:08.308+05:30  INFO 17332 --- [CMSBackEnd] [main] o.s.b.w.embedded.tomcat.TomcatWebServer  : Tomcat initialized with port 8080 (http)
2026-07-06T11:37:08.334+05:30  INFO 17332 --- [CMSBackEnd] [main] o.apache.catalina.core.StandardService   : Starting service [Tomcat]
2026-07-06T11:37:08.334+05:30  INFO 17332 --- [CMSBackEnd] [main] o.apache.catalina.core.StandardEngine    : Starting Servlet engine: [Apache Tomcat/10.1.55]
2026-07-06T11:37:08.402+05:30  INFO 17332 --- [CMSBackEnd] [main] o.a.c.c.C.[Tomcat].[localhost].[/]       : Initializing Spring embedded WebApplicationContext
2026-07-06T11:37:08.402+05:30  INFO 17332 --- [CMSBackEnd] [main] w.s.c.ServletWebServerApplicationContext : Root WebApplicationContext: initialization completed in 4066 ms
2026-07-06T11:37:08.607+05:30  INFO 17332 --- [CMSBackEnd] [main] o.hibernate.jpa.internal.util.LogHelper  : HHH000204: Processing PersistenceUnitInfo [name: default]
2026-07-06T11:37:08.682+05:30  INFO 17332 --- [CMSBackEnd] [main] org.hibernate.Version                    : HHH000412: Hibernate ORM core version 6.6.53.Final
2026-07-06T11:37:08.727+05:30  INFO 17332 --- [CMSBackEnd] [main] o.h.c.internal.RegionFactoryInitiator    : HHH000026: Second-level cache disabled
2026-07-06T11:37:09.133+05:30  INFO 17332 --- [CMSBackEnd] [main] o.s.o.j.p.SpringPersistenceUnitInfo      : No LoadTimeWeaver setup: ignoring JPA class transformer
2026-07-06T11:37:09.176+05:30  INFO 17332 --- [CMSBackEnd] [main] com.zaxxer.hikari.HikariDataSource       : HikariPool-1 - Starting...
2026-07-06T11:37:09.749+05:30  INFO 17332 --- [CMSBackEnd] [main] com.zaxxer.hikari.pool.HikariPool        : HikariPool-1 - Added connection com.mysql.cj.jdbc.ConnectionImpl@517bdce0
2026-07-06T11:37:09.753+05:30  INFO 17332 --- [CMSBackEnd] [main] com.zaxxer.hikari.HikariDataSource       : HikariPool-1 - Start completed.
2026-07-06T11:37:09.824+05:30  WARN 17332 --- [CMSBackEnd] [main] org.hibernate.orm.deprecation            : HHH90000025: MySQLDialect does not need to be specified explicitly using 'hibernate.dialect' (remove the property setting and it will be selected by default)
2026-07-06T11:37:09.845+05:30  INFO 17332 --- [CMSBackEnd] [main] org.hibernate.orm.connections.pooling    : HHH10001005: Database info:
	Database JDBC URL [Connecting through datasource 'HikariDataSource (HikariPool-1)']
	Database driver: undefined/unknown
	Database version: 8.0.45
	Autocommit mode: undefined/unknown
	Isolation level: undefined/unknown
	Minimum pool size: undefined/unknown
	Maximum pool size: undefined/unknown
2026-07-06T11:37:11.347+05:30  INFO 17332 --- [CMSBackEnd] [main] o.h.e.t.j.p.i.JtaPlatformInitiator       : HHH000489: No JTA platform available (set 'hibernate.transaction.jta.platform' to enable JTA platform integration)
2026-07-06T11:37:11.597+05:30  INFO 17332 --- [CMSBackEnd] [main] j.LocalContainerEntityManagerFactoryBean : Initialized JPA EntityManagerFactory for persistence unit 'default'
2026-07-06T11:37:12.029+05:30 DEBUG 17332 --- [CMSBackEnd] [main] c.h.cms.backend.filter.JwtAuthFilter     : Filter 'jwtAuthFilter' configured for use
2026-07-06T11:37:12.210+05:30  INFO 17332 --- [CMSBackEnd] [main] eAuthenticationProviderManagerConfigurer : Global AuthenticationManager configured with AuthenticationProvider bean with name authenticationProvider
2026-07-06T11:37:12.212+05:30  WARN 17332 --- [CMSBackEnd] [main] r$InitializeUserDetailsManagerConfigurer : Global AuthenticationManager configured with an AuthenticationProvider bean. UserDetailsService beans will not be used by Spring Security for automatically configuring username/password login. Consider removing the AuthenticationProvider bean. Alternatively, consider using the UserDetailsService in a manually instantiated DaoAuthenticationProvider. If the current configuration is intentional, to turn off this warning, increase the logging level of 'org.springframework.security.config.annotation.authentication.configuration.InitializeUserDetailsBeanManagerConfigurer' to ERROR
2026-07-06T11:37:12.490+05:30  WARN 17332 --- [CMSBackEnd] [main] JpaBaseConfiguration$JpaWebConfiguration : spring.jpa.open-in-view is enabled by default. Therefore, database queries may be performed during view rendering. Explicitly configure spring.jpa.open-in-view to disable this warning
2026-07-06T11:37:13.568+05:30  INFO 17332 --- [CMSBackEnd] [main] o.s.b.w.embedded.tomcat.TomcatWebServer  : Tomcat started on port 8080 (http) with context path '/'
2026-07-06T11:37:13.583+05:30  INFO 17332 --- [CMSBackEnd] [main] c.h.cms.backend.CmsBackEndApplication    : Started CmsBackEndApplication in 9.907 seconds (process running for 22.726)
2026-07-06T11:37:42.937+05:30  INFO 17332 --- [CMSBackEnd] [http-nio-8080-exec-1] o.a.c.c.C.[Tomcat].[localhost].[/]       : Initializing Spring DispatcherServlet 'dispatcherServlet'
2026-07-06T11:37:42.939+05:30  INFO 17332 --- [CMSBackEnd] [http-nio-8080-exec-1] o.s.web.servlet.DispatcherServlet        : Initializing Servlet 'dispatcherServlet'
2026-07-06T11:37:42.943+05:30  INFO 17332 --- [CMSBackEnd] [http-nio-8080-exec-1] o.s.web.servlet.DispatcherServlet        : Completed initialization in 3 ms
2026-07-06T11:37:43.258+05:30  INFO 17332 --- [CMSBackEnd] [http-nio-8080-exec-1] c.h.c.backend.controller.AuthController  : Login attempt for email: lilycandace24@gmail.com
2026-07-06T11:38:14.057+05:30  INFO 17332 --- [CMSBackEnd] [http-nio-8080-exec-2] c.h.c.backend.controller.AuthController  : Login attempt for email: lily@gmail.com
2026-07-06T11:41:37.038+05:30  INFO 17332 --- [CMSBackEnd] [http-nio-8080-exec-3] c.h.c.backend.controller.AuthController  : Login attempt for email: lily@gmail.com
2026-07-06T12:25:54.248+05:30  INFO 17332 --- [CMSBackEnd] [http-nio-8080-exec-5] c.h.c.backend.controller.AuthController  : Login attempt for email: lily@gmail.com
2026-07-06T12:25:54.426+05:30  INFO 17332 --- [CMSBackEnd] [http-nio-8080-exec-5] c.h.c.backend.service.EmailServiceImpl   : Sending email to lily@gmail.com
2026-07-06T12:25:59.309+05:30  INFO 17332 --- [CMSBackEnd] [http-nio-8080-exec-5] c.h.c.backend.service.EmailServiceImpl   : Email sent successfully to lily@gmail.com
2026-07-06T12:25:59.309+05:30  INFO 17332 --- [CMSBackEnd] [http-nio-8080-exec-5] c.h.c.backend.controller.AuthController  : User logged in successfully: lily@gmail.com
2026-07-06T12:27:10.074+05:30  INFO 17332 --- [CMSBackEnd] [http-nio-8080-exec-7] c.h.c.backend.controller.AuthController  : Login attempt for email: lily@gmail.com
2026-07-06T12:27:10.093+05:30  INFO 17332 --- [CMSBackEnd] [http-nio-8080-exec-7] c.h.c.backend.service.EmailServiceImpl   : Sending email to lily@gmail.com
2026-07-06T12:27:10.114+05:30  INFO 17332 --- [CMSBackEnd] [http-nio-8080-exec-9] c.h.c.backend.controller.AuthController  : Login attempt for email: lily@gmail.com
2026-07-06T12:27:10.136+05:30  INFO 17332 --- [CMSBackEnd] [http-nio-8080-exec-9] c.h.c.backend.service.EmailServiceImpl   : Sending email to lily@gmail.com
2026-07-06T12:27:14.265+05:30  INFO 17332 --- [CMSBackEnd] [http-nio-8080-exec-7] c.h.c.backend.service.EmailServiceImpl   : Email sent successfully to lily@gmail.com
2026-07-06T12:27:14.265+05:30  INFO 17332 --- [CMSBackEnd] [http-nio-8080-exec-7] c.h.c.backend.controller.AuthController  : User logged in successfully: lily@gmail.com
2026-07-06T12:27:14.332+05:30  INFO 17332 --- [CMSBackEnd] [http-nio-8080-exec-9] c.h.c.backend.service.EmailServiceImpl   : Email sent successfully to lily@gmail.com
2026-07-06T12:27:14.333+05:30  INFO 17332 --- [CMSBackEnd] [http-nio-8080-exec-9] c.h.c.backend.controller.AuthController  : User logged in successfully: lily@gmail.com
2026-07-06T12:28:52.425+05:30  INFO 17332 --- [CMSBackEnd] [http-nio-8080-exec-1] c.h.c.backend.controller.AuthController  : Login attempt for email: saran@gmail.com
2026-07-06T12:28:52.447+05:30  INFO 17332 --- [CMSBackEnd] [http-nio-8080-exec-1] c.h.c.backend.service.EmailServiceImpl   : Sending email to saran@gmail.com
2026-07-06T12:28:55.584+05:30  INFO 17332 --- [CMSBackEnd] [http-nio-8080-exec-2] c.h.c.backend.controller.AuthController  : Login attempt for email: saran@gmail.com
2026-07-06T12:28:55.611+05:30  INFO 17332 --- [CMSBackEnd] [http-nio-8080-exec-2] c.h.c.backend.service.EmailServiceImpl   : Sending email to saran@gmail.com
2026-07-06T12:28:56.599+05:30  INFO 17332 --- [CMSBackEnd] [http-nio-8080-exec-1] c.h.c.backend.service.EmailServiceImpl   : Email sent successfully to saran@gmail.com
2026-07-06T12:28:56.601+05:30  INFO 17332 --- [CMSBackEnd] [http-nio-8080-exec-1] c.h.c.backend.controller.AuthController  : User logged in successfully: saran@gmail.com
2026-07-06T12:28:59.850+05:30  INFO 17332 --- [CMSBackEnd] [http-nio-8080-exec-2] c.h.c.backend.service.EmailServiceImpl   : Email sent successfully to saran@gmail.com
2026-07-06T12:28:59.851+05:30  INFO 17332 --- [CMSBackEnd] [http-nio-8080-exec-2] c.h.c.backend.controller.AuthController  : User logged in successfully: saran@gmail.com
2026-07-06T12:31:35.058+05:30  INFO 17332 --- [CMSBackEnd] [http-nio-8080-exec-5] c.h.c.backend.controller.AuthController  : Login attempt for email: lily@gmail.com
2026-07-06T12:31:35.076+05:30  INFO 17332 --- [CMSBackEnd] [http-nio-8080-exec-5] c.h.c.backend.service.EmailServiceImpl   : Sending email to lily@gmail.com
2026-07-06T12:31:39.576+05:30  INFO 17332 --- [CMSBackEnd] [http-nio-8080-exec-5] c.h.c.backend.service.EmailServiceImpl   : Email sent successfully to lily@gmail.com
2026-07-06T12:31:39.577+05:30  INFO 17332 --- [CMSBackEnd] [http-nio-8080-exec-5] c.h.c.backend.controller.AuthController  : User logged in successfully: lily@gmail.com
2026-07-06T12:33:25.444+05:30  INFO 17332 --- [CMSBackEnd] [http-nio-8080-exec-7] c.h.c.backend.controller.AuthController  : Login attempt for email: lily@gmail.com
2026-07-06T12:33:25.474+05:30  INFO 17332 --- [CMSBackEnd] [http-nio-8080-exec-7] c.h.c.backend.service.EmailServiceImpl   : Sending email to lily@gmail.com
2026-07-06T12:33:29.778+05:30  INFO 17332 --- [CMSBackEnd] [http-nio-8080-exec-7] c.h.c.backend.service.EmailServiceImpl   : Email sent successfully to lily@gmail.com
2026-07-06T12:33:29.779+05:30  INFO 17332 --- [CMSBackEnd] [http-nio-8080-exec-7] c.h.c.backend.controller.AuthController  : User logged in successfully: lily@gmail.com
2026-07-06T12:45:01.139+05:30  INFO 17332 --- [CMSBackEnd] [http-nio-8080-exec-10] c.h.c.backend.controller.AuthController  : Login attempt for email: lily@gmail.com
2026-07-06T12:45:01.162+05:30  INFO 17332 --- [CMSBackEnd] [http-nio-8080-exec-10] c.h.c.backend.service.EmailServiceImpl   : Sending email to lily@gmail.com
2026-07-06T12:45:05.380+05:30  INFO 17332 --- [CMSBackEnd] [http-nio-8080-exec-10] c.h.c.backend.service.EmailServiceImpl   : Email sent successfully to lily@gmail.com
2026-07-06T12:45:05.381+05:30  INFO 17332 --- [CMSBackEnd] [http-nio-8080-exec-10] c.h.c.backend.controller.AuthController  : User logged in successfully: lily@gmail.com
2026-07-06T13:10:56.669+05:30  INFO 17332 --- [CMSBackEnd] [RMI TCP Connection(103)-127.0.0.1] inMXBeanRegistrar$SpringApplicationAdmin : Application shutdown requested.
2026-07-06T13:10:56.716+05:30  INFO 17332 --- [CMSBackEnd] [RMI TCP Connection(103)-127.0.0.1] o.s.b.w.e.tomcat.GracefulShutdown        : Commencing graceful shutdown. Waiting for active requests to complete
2026-07-06T13:10:56.729+05:30  INFO 17332 --- [CMSBackEnd] [tomcat-shutdown] o.s.b.w.e.tomcat.GracefulShutdown        : Graceful shutdown complete
2026-07-06T13:10:56.750+05:30  INFO 17332 --- [CMSBackEnd] [RMI TCP Connection(103)-127.0.0.1] j.LocalContainerEntityManagerFactoryBean : Closing JPA EntityManagerFactory for persistence unit 'default'
2026-07-06T13:10:56.763+05:30  INFO 17332 --- [CMSBackEnd] [RMI TCP Connection(103)-127.0.0.1] com.zaxxer.hikari.HikariDataSource       : HikariPool-1 - Shutdown initiated...
2026-07-06T13:10:56.772+05:30  INFO 17332 --- [CMSBackEnd] [RMI TCP Connection(103)-127.0.0.1] com.zaxxer.hikari.HikariDataSource       : HikariPool-1 - Shutdown completed.
